-------------------------------------------------------------------------------
Test set: runner.TestRunner
-------------------------------------------------------------------------------
Tests run: 13, Failures: 0, Errors: 13, Skipped: 0, Time elapsed: 3.489 s <<< FAILURE! - in runner.TestRunner
User verify all items are present in Desktops tab(Desktops)  Time elapsed: 0.118 s  <<< ERROR!
io.cucumber.junit.UndefinedStepException: 
The step 'User is on Retail website' and 5 other step(s) are undefined.
You can implement these steps using the snippet(s) below:

@Given("User is on Retail website")
public void user_is_on_retail_website() {
    // Write code here that turns the phrase above into concrete actions
    throw new io.cucumber.java.PendingException();
}
@When("User click on Desktops tab")
public void user_click_on_desktops_tab() {
    // Write code here that turns the phrase above into concrete actions
    throw new io.cucumber.java.PendingException();
}
@When("User click on Show all desktops")
public void user_click_on_show_all_desktops() {
    // Write code here that turns the phrase above into concrete actions
    throw new io.cucumber.java.PendingException();
}
@Then("User should see all items are present in Desktop page")
public void user_should_see_all_items_are_present_in_desktop_page() {
    // Write code here that turns the phrase above into concrete actions
    throw new io.cucumber.java.PendingException();
}


User add HP LP 3065 from Desktops tab to the cart(Desktops)  Time elapsed: 0.01 s  <<< ERROR!
io.cucumber.junit.UndefinedStepException: 
The step 'User is on Retail website' and 6 other step(s) are undefined.
You can implement these steps using the snippet(s) below:

@Given("User is on Retail website")
public void user_is_on_retail_website() {
    // Write code here that turns the phrase above into concrete actions
    throw new io.cucumber.java.PendingException();
}
@When("User click on Desktops tab")
public void user_click_on_desktops_tab() {
    // Write code here that turns the phrase above into concrete actions
    throw new io.cucumber.java.PendingException();
}
@When("User click on Show all desktops")
public void user_click_on_show_all_desktops() {
    // Write code here that turns the phrase above into concrete actions
    throw new io.cucumber.java.PendingException();
}
@When("User click ADD TO CART option on HP LP3065 item")
public void user_click_add_to_cart_option_on_hp_lp3065_item() {
    // Write code here that turns the phrase above into concrete actions
    throw new io.cucumber.java.PendingException();
}
@When("User select quantity {int}")
public void user_select_quantity(Integer int1) {
    // Write code here that turns the phrase above into concrete actions
    throw new io.cucumber.java.PendingException();
}
@When("User click add to Cart button")
public void user_click_add_to_cart_button() {
    // Write code here that turns the phrase above into concrete actions
    throw new io.cucumber.java.PendingException();
}
@Then("User should see a message {string}")
public void user_should_see_a_message(String string) {
    // Write code here that turns the phrase above into concrete actions
    throw new io.cucumber.java.PendingException();
}


User add Canon EOS 5D into shopping cart from Desktops Page(Desktops)  Time elapsed: 0.007 s  <<< ERROR!
io.cucumber.junit.UndefinedStepException: 
The step 'User is on Retail website' and 7 other step(s) are undefined.
You can implement these steps using the snippet(s) below:

@Given("User is on Retail website")
public void user_is_on_retail_website() {
    // Write code here that turns the phrase above into concrete actions
    throw new io.cucumber.java.PendingException();
}
@When("User click on Desktops tab")
public void user_click_on_desktops_tab() {
    // Write code here that turns the phrase above into concrete actions
    throw new io.cucumber.java.PendingException();
}
@When("User click on Show all desktops")
public void user_click_on_show_all_desktops() {
    // Write code here that turns the phrase above into concrete actions
    throw new io.cucumber.java.PendingException();
}
@When("User click ADD TO CART option on Canon EOS 5D item")
public void user_click_add_to_cart_option_on_canon_eos_5d_item() {
    // Write code here that turns the phrase above into concrete actions
    throw new io.cucumber.java.PendingException();
}
@When("User select color from dropdown Red")
public void user_select_color_from_dropdown_red() {
    // Write code here that turns the phrase above into concrete actions
    throw new io.cucumber.java.PendingException();
}
@When("User select quantity {string}")
public void user_select_quantity(String string) {
    // Write code here that turns the phrase above into concrete actions
    throw new io.cucumber.java.PendingException();
}
@When("User click add to Cart button")
public void user_click_add_to_cart_button() {
    // Write code here that turns the phrase above into concrete actions
    throw new io.cucumber.java.PendingException();
}
@Then("User should see a message {string}")
public void user_should_see_a_message(String string) {
    // Write code here that turns the phrase above into concrete actions
    throw new io.cucumber.java.PendingException();
}


User add review to Canon EOS 5D from Desktops tab(Desktops)  Time elapsed: 0.007 s  <<< ERROR!
io.cucumber.junit.UndefinedStepException: 
The step 'User is on Retail website' and 7 other step(s) are undefined.
You can implement these steps using the snippet(s) below:

@Given("User is on Retail website")
public void user_is_on_retail_website() {
    // Write code here that turns the phrase above into concrete actions
    throw new io.cucumber.java.PendingException();
}
@When("User click on Desktops tab")
public void user_click_on_desktops_tab() {
    // Write code here that turns the phrase above into concrete actions
    throw new io.cucumber.java.PendingException();
}
@When("User click on Show all desktops")
public void user_click_on_show_all_desktops() {
    // Write code here that turns the phrase above into concrete actions
    throw new io.cucumber.java.PendingException();
}
@When("User click on Canon EOS 5D item")
public void user_click_on_canon_eos_5d_item() {
    // Write code here that turns the phrase above into concrete actions
    throw new io.cucumber.java.PendingException();
}
@When("User click on write a review link")
public void user_click_on_write_a_review_link() {
    // Write code here that turns the phrase above into concrete actions
    throw new io.cucumber.java.PendingException();
}
@When("user fill the review information with below information {string} {string} {string}")
public void user_fill_the_review_information_with_below_information(String string, String string2, String string3) {
    // Write code here that turns the phrase above into concrete actions
    throw new io.cucumber.java.PendingException();
}
@When("User click on Continue Button")
public void user_click_on_continue_button() {
    // Write code here that turns the phrase above into concrete actions
    throw new io.cucumber.java.PendingException();
}
@Then("User should see a message with {string}")
public void user_should_see_a_message_with(String string) {
    // Write code here that turns the phrase above into concrete actions
    throw new io.cucumber.java.PendingException();
}


User verify currency values change(Home Page)  Time elapsed: 0.004 s  <<< ERROR!
io.cucumber.junit.UndefinedStepException: 
The step 'user is on Retail home page' and 3 other step(s) are undefined.
You can implement these steps using the snippet(s) below:

@Given("user is on Retail home page")
public void user_is_on_retail_home_page() {
    // Write code here that turns the phrase above into concrete actions
    throw new io.cucumber.java.PendingException();
}
@When("User click on Currency")
public void user_click_on_currency() {
    // Write code here that turns the phrase above into concrete actions
    throw new io.cucumber.java.PendingException();
}
@When("User Chose Euro from dropdown")
public void user_chose_euro_from_dropdown() {
    // Write code here that turns the phrase above into concrete actions
    throw new io.cucumber.java.PendingException();
}
@Then("currency value should change to Euro")
public void currency_value_should_change_to_euro() {
    // Write code here that turns the phrase above into concrete actions
    throw new io.cucumber.java.PendingException();
}


User empty Shopping cart message displays(Home Page)  Time elapsed: 0.002 s  <<< ERROR!
io.cucumber.junit.UndefinedStepException: 
The step 'user is on Retail home page' and 2 other step(s) are undefined.
You can implement these steps using the snippet(s) below:

@Given("user is on Retail home page")
public void user_is_on_retail_home_page() {
    // Write code here that turns the phrase above into concrete actions
    throw new io.cucumber.java.PendingException();
}
@When("User click on shopping cart")
public void user_click_on_shopping_cart() {
    // Write code here that turns the phrase above into concrete actions
    throw new io.cucumber.java.PendingException();
}
@Then("{string} message should display")
public void message_should_display(String string) {
    // Write code here that turns the phrase above into concrete actions
    throw new io.cucumber.java.PendingException();
}


User add and remove Macbook from cart(User add and remove Macbook from cart)  Time elapsed: 0.01 s  <<< ERROR!
io.cucumber.junit.UndefinedStepException: 
The step 'user is on Retail home page' and 11 other step(s) are undefined.
You can implement these steps using the snippet(s) below:

@Given("user is on Retail home page")
public void user_is_on_retail_home_page() {
    // Write code here that turns the phrase above into concrete actions
    throw new io.cucumber.java.PendingException();
}
@When("User click on Laptop &NoteBook tab")
public void user_click_on_laptop_note_book_tab() {
    // Write code here that turns the phrase above into concrete actions
    throw new io.cucumber.java.PendingException();
}
@When("User click on Show all Laptop &NoteBook option")
public void user_click_on_show_all_laptop_note_book_option() {
    // Write code here that turns the phrase above into concrete actions
    throw new io.cucumber.java.PendingException();
}
@When("User click on MacBook item")
public void user_click_on_mac_book_item() {
    // Write code here that turns the phrase above into concrete actions
    throw new io.cucumber.java.PendingException();
}
@When("User click add Macbook to Cart button")
public void user_click_add_macbook_to_cart_button() {
    // Write code here that turns the phrase above into concrete actions
    throw new io.cucumber.java.PendingException();
}
@When("User should see a message ‘Success: You have added MacBook to your shopping cart!’")
public void user_should_see_a_message_success_you_have_added_mac_book_to_your_shopping_cart() {
    // Write code here that turns the phrase above into concrete actions
    throw new io.cucumber.java.PendingException();
}
@When("User should see {string} item\\(s) {string} showed to the cart")
public void user_should_see_item_s_showed_to_the_cart(String string, String string2) {
    // Write code here that turns the phrase above into concrete actions
    throw new io.cucumber.java.PendingException();
}
@When("User click on cart option")
public void user_click_on_cart_option() {
    // Write code here that turns the phrase above into concrete actions
    throw new io.cucumber.java.PendingException();
}
@When("user click on red X button to remove the item from cart")
public void user_click_on_red_x_button_to_remove_the_item_from_cart() {
    // Write code here that turns the phrase above into concrete actions
    throw new io.cucumber.java.PendingException();
}
@Then("item should be removed and cart should show ‘{string} item\\(s)’")
public void item_should_be_removed_and_cart_should_show_item_s(String string) {
    // Write code here that turns the phrase above into concrete actions
    throw new io.cucumber.java.PendingException();
}


Product Comparison(User add and remove Macbook from cart)  Time elapsed: 0.006 s  <<< ERROR!
io.cucumber.junit.UndefinedStepException: 
The step 'user is on Retail home page' and 7 other step(s) are undefined.
You can implement these steps using the snippet(s) below:

@Given("user is on Retail home page")
public void user_is_on_retail_home_page() {
    // Write code here that turns the phrase above into concrete actions
    throw new io.cucumber.java.PendingException();
}
@When("User click on Laptop &NoteBook tab")
public void user_click_on_laptop_note_book_tab() {
    // Write code here that turns the phrase above into concrete actions
    throw new io.cucumber.java.PendingException();
}
@When("User click on Show all Laptop &NoteBook option")
public void user_click_on_show_all_laptop_note_book_option() {
    // Write code here that turns the phrase above into concrete actions
    throw new io.cucumber.java.PendingException();
}
@When("User click on product comparison icon on ‘MacBook’")
public void user_click_on_product_comparison_icon_on_mac_book() {
    // Write code here that turns the phrase above into concrete actions
    throw new io.cucumber.java.PendingException();
}
@When("User click on product comparison icon on ‘MacBook Air")
public void user_click_on_product_comparison_icon_on_mac_book_air() {
    // Write code here that turns the phrase above into concrete actions
    throw new io.cucumber.java.PendingException();
}
@Then("User should see a message ‘Success: You have added MacBook Air to your product comparison!’")
public void user_should_see_a_message_success_you_have_added_mac_book_air_to_your_product_comparison() {
    // Write code here that turns the phrase above into concrete actions
    throw new io.cucumber.java.PendingException();
}
@Then("User click on Product comparison link")
public void user_click_on_product_comparison_link() {
    // Write code here that turns the phrase above into concrete actions
    throw new io.cucumber.java.PendingException();
}
@Then("User should see Product Comparison Chart")
public void user_should_see_product_comparison_chart() {
    // Write code here that turns the phrase above into concrete actions
    throw new io.cucumber.java.PendingException();
}


Adding an item to Wish list(User add and remove Macbook from cart)  Time elapsed: 0.006 s  <<< ERROR!
io.cucumber.junit.UndefinedStepException: 
The step 'user is on Retail home page' and 4 other step(s) are undefined.
You can implement these steps using the snippet(s) below:

@Given("user is on Retail home page")
public void user_is_on_retail_home_page() {
    // Write code here that turns the phrase above into concrete actions
    throw new io.cucumber.java.PendingException();
}
@When("User click on Laptop &NoteBook tab")
public void user_click_on_laptop_note_book_tab() {
    // Write code here that turns the phrase above into concrete actions
    throw new io.cucumber.java.PendingException();
}
@When("User click on Show all Laptop &NoteBook option")
public void user_click_on_show_all_laptop_note_book_option() {
    // Write code here that turns the phrase above into concrete actions
    throw new io.cucumber.java.PendingException();
}
@When("User click on heart icon to add ‘Sony VaIO’ laptop to wish list")
public void user_click_on_heart_icon_to_add_sony_va_io_laptop_to_wish_list() {
    // Write code here that turns the phrase above into concrete actions
    throw new io.cucumber.java.PendingException();
}
@Then("User should get a message ‘You must login or create an account to save Sony VAIO to your wish list!’")
public void user_should_get_a_message_you_must_login_or_create_an_account_to_save_sony_vaio_to_your_wish_list() {
    // Write code here that turns the phrase above into concrete actions
    throw new io.cucumber.java.PendingException();
}


(User add and remove Macbook from cart)  Time elapsed: 0.006 s  <<< ERROR!
io.cucumber.junit.UndefinedStepException: 
The step 'user is on Retail home page' and 4 other step(s) are undefined.
You can implement these steps using the snippet(s) below:

@Given("user is on Retail home page")
public void user_is_on_retail_home_page() {
    // Write code here that turns the phrase above into concrete actions
    throw new io.cucumber.java.PendingException();
}
@When("User click on Laptop &NoteBook tab")
public void user_click_on_laptop_note_book_tab() {
    // Write code here that turns the phrase above into concrete actions
    throw new io.cucumber.java.PendingException();
}
@When("User click on Show all Laptop &NoteBook option")
public void user_click_on_show_all_laptop_note_book_option() {
    // Write code here that turns the phrase above into concrete actions
    throw new io.cucumber.java.PendingException();
}
@When("User click on ‘MacBook Pro’ item")
public void user_click_on_mac_book_pro_item() {
    // Write code here that turns the phrase above into concrete actions
    throw new io.cucumber.java.PendingException();
}
@Then("User should see {string} price tag is present on UI.")
public void user_should_see_price_tag_is_present_on_ui(String string) {
    // Write code here that turns the phrase above into concrete actions
    throw new io.cucumber.java.PendingException();
}


Register as an Affiliate user with Cheque Payment Method(User Login)  Time elapsed: 0.013 s  <<< ERROR!
io.cucumber.junit.UndefinedStepException: 
The step 'user is on Retail home page' and 10 other step(s) are undefined.
You can implement these steps using the snippet(s) below:

@Given("user is on Retail home page")
public void user_is_on_retail_home_page() {
    // Write code here that turns the phrase above into concrete actions
    throw new io.cucumber.java.PendingException();
}
@Given("User click on MyAccount")
public void user_click_on_my_account() {
    // Write code here that turns the phrase above into concrete actions
    throw new io.cucumber.java.PendingException();
}
@When("User click on Login")
public void user_click_on_login() {
    // Write code here that turns the phrase above into concrete actions
    throw new io.cucumber.java.PendingException();
}
@When("User enter username {string} and password {string}")
public void user_enter_username_and_password(String string, String string2) {
    // Write code here that turns the phrase above into concrete actions
    throw new io.cucumber.java.PendingException();
}
@When("User click on Login button")
public void user_click_on_login_button() {
    // Write code here that turns the phrase above into concrete actions
    throw new io.cucumber.java.PendingException();
}
@Then("User should be logged in to MyAccount dashboard")
public void user_should_be_logged_in_to_my_account_dashboard() {
    // Write code here that turns the phrase above into concrete actions
    throw new io.cucumber.java.PendingException();
}
@When("User click on ‘Register for an Affiliate Account’ link")
public void user_click_on_register_for_an_affiliate_account_link() {
    // Write code here that turns the phrase above into concrete actions
    throw new io.cucumber.java.PendingException();
}
@When("User fill affiliate form with following information {string} {string} {string} {string}")
public void user_fill_affiliate_form_with_following_information(String string, String string2, String string3, String string4) {
    // Write code here that turns the phrase above into concrete actions
    throw new io.cucumber.java.PendingException();
}
@When("User check on About us check box")
public void user_check_on_about_us_check_box() {
    // Write code here that turns the phrase above into concrete actions
    throw new io.cucumber.java.PendingException();
}
@When("User click on Continue button")
public void user_click_on_continue_button() {
    // Write code here that turns the phrase above into concrete actions
    throw new io.cucumber.java.PendingException();
}
@Then("User should see a success message")
public void user_should_see_a_success_message() {
    // Write code here that turns the phrase above into concrete actions
    throw new io.cucumber.java.PendingException();
}


Edit your affiliate information from Cheque payment method to Bank Transfer(User Login)  Time elapsed: 0.008 s  <<< ERROR!
io.cucumber.junit.UndefinedStepException: 
The step 'user is on Retail home page' and 10 other step(s) are undefined.
You can implement these steps using the snippet(s) below:

@Given("user is on Retail home page")
public void user_is_on_retail_home_page() {
    // Write code here that turns the phrase above into concrete actions
    throw new io.cucumber.java.PendingException();
}
@Given("User click on MyAccount")
public void user_click_on_my_account() {
    // Write code here that turns the phrase above into concrete actions
    throw new io.cucumber.java.PendingException();
}
@When("User click on Login")
public void user_click_on_login() {
    // Write code here that turns the phrase above into concrete actions
    throw new io.cucumber.java.PendingException();
}
@When("User enter username {string} and password {string}")
public void user_enter_username_and_password(String string, String string2) {
    // Write code here that turns the phrase above into concrete actions
    throw new io.cucumber.java.PendingException();
}
@When("User click on Login button")
public void user_click_on_login_button() {
    // Write code here that turns the phrase above into concrete actions
    throw new io.cucumber.java.PendingException();
}
@Then("User should be logged in to MyAccount dashboard")
public void user_should_be_logged_in_to_my_account_dashboard() {
    // Write code here that turns the phrase above into concrete actions
    throw new io.cucumber.java.PendingException();
}
@When("User click on ‘Edit your affiliate informationlink")
public void user_click_on_edit_your_affiliate_informationlink() {
    // Write code here that turns the phrase above into concrete actions
    throw new io.cucumber.java.PendingException();
}
@When("user click on Bank Transfer radio button")
public void user_click_on_bank_transfer_radio_button() {
    // Write code here that turns the phrase above into concrete actions
    throw new io.cucumber.java.PendingException();
}
@When("User fill Bank information with below information {string} {string} {string} {string} {string}")
public void user_fill_bank_information_with_below_information(String string, String string2, String string3, String string4, String string5) {
    // Write code here that turns the phrase above into concrete actions
    throw new io.cucumber.java.PendingException();
}
@When("User click on Continue button")
public void user_click_on_continue_button() {
    // Write code here that turns the phrase above into concrete actions
    throw new io.cucumber.java.PendingException();
}
@Then("User should see a success message")
public void user_should_see_a_success_message() {
    // Write code here that turns the phrase above into concrete actions
    throw new io.cucumber.java.PendingException();
}


Edit your account Information(User Login)  Time elapsed: 0.006 s  <<< ERROR!
io.cucumber.junit.UndefinedStepException: 
The step 'user is on Retail home page' and 9 other step(s) are undefined.
You can implement these steps using the snippet(s) below:

@Given("user is on Retail home page")
public void user_is_on_retail_home_page() {
    // Write code here that turns the phrase above into concrete actions
    throw new io.cucumber.java.PendingException();
}
@Given("User click on MyAccount")
public void user_click_on_my_account() {
    // Write code here that turns the phrase above into concrete actions
    throw new io.cucumber.java.PendingException();
}
@When("User click on Login")
public void user_click_on_login() {
    // Write code here that turns the phrase above into concrete actions
    throw new io.cucumber.java.PendingException();
}
@When("User enter username {string} and password {string}")
public void user_enter_username_and_password(String string, String string2) {
    // Write code here that turns the phrase above into concrete actions
    throw new io.cucumber.java.PendingException();
}
@When("User click on Login button")
public void user_click_on_login_button() {
    // Write code here that turns the phrase above into concrete actions
    throw new io.cucumber.java.PendingException();
}
@Then("User should be logged in to MyAccount dashboard")
public void user_should_be_logged_in_to_my_account_dashboard() {
    // Write code here that turns the phrase above into concrete actions
    throw new io.cucumber.java.PendingException();
}
@When("User click on ‘Edit your account information’ link")
public void user_click_on_edit_your_account_information_link() {
    // Write code here that turns the phrase above into concrete actions
    throw new io.cucumber.java.PendingException();
}
@When("User modify below information {string} {string} {string} {string}")
public void user_modify_below_information(String string, String string2, String string3, String string4) {
    // Write code here that turns the phrase above into concrete actions
    throw new io.cucumber.java.PendingException();
}
@When("User click on continue button")
public void user_click_on_continue_button() {
    // Write code here that turns the phrase above into concrete actions
    throw new io.cucumber.java.PendingException();
}
@Then("User should see following message {string}")
public void user_should_see_following_message(String string) {
    // Write code here that turns the phrase above into concrete actions
    throw new io.cucumber.java.PendingException();
}


