<?xml version="1.0" encoding="UTF-8"?>
<testsuite xmlns:xsi="http://www.w3.org/2001/XMLSchema-instance" xsi:noNamespaceSchemaLocation="https://maven.apache.org/surefire/maven-surefire-plugin/xsd/surefire-test-report.xsd" name="runner.TestRunner" time="3.489" tests="13" errors="13" skipped="0" failures="0">
  <properties>
[...]
</properties>
  <testcase name="User verify all items are present in Desktops tab" classname="Desktops" time="0.118">
    <error message="The step &apos;User is on Retail website&apos; and 5 other step(s) are undefined.&#10;You can implement these steps using the snippet(s) below:&#10;&#10;@Given(&quot;User is on Retail website&quot;)&#10;public void user_is_on_retail_website() {&#10;    // Write code here that turns the phrase above into concrete actions&#10;    throw new io.cucumber.java.PendingException();&#10;}&#10;@When(&quot;User click on Desktops tab&quot;)&#10;public void user_click_on_desktops_tab() {&#10;    // Write code here that turns the phrase above into concrete actions&#10;    throw new io.cucumber.java.PendingException();&#10;}&#10;@When(&quot;User click on Show all desktops&quot;)&#10;public void user_click_on_show_all_desktops() {&#10;    // Write code here that turns the phrase above into concrete actions&#10;    throw new io.cucumber.java.PendingException();&#10;}&#10;@Then(&quot;User should see all items are present in Desktop page&quot;)&#10;public void user_should_see_all_items_are_present_in_desktop_page() {&#10;    // Write code here that turns the phrase above into concrete actions&#10;    throw new io.cucumber.java.PendingException();&#10;}&#10;" type="io.cucumber.junit.UndefinedStepException">io.cucumber.junit.UndefinedStepException: 
The step 'User is on Retail website' and 5 other step(s) are undefined.
You can implement these steps using the snippet(s) below:

@Given("User is on Retail website")
public void user_is_on_retail_website() {
    // Write code here that turns the phrase above into concrete actions
    throw new io.cucumber.java.PendingException();
}
@When("User click on Desktops tab")
public void user_click_on_desktops_tab() {
    // Write code here that turns the phrase above into concrete actions
    throw new io.cucumber.java.PendingException();
}
@When("User click on Show all desktops")
public void user_click_on_show_all_desktops() {
    // Write code here that turns the phrase above into concrete actions
    throw new io.cucumber.java.PendingException();
}
@Then("User should see all items are present in Desktop page")
public void user_should_see_all_items_are_present_in_desktop_page() {
    // Write code here that turns the phrase above into concrete actions
    throw new io.cucumber.java.PendingException();
}

</error>
    <system-out><![CDATA[
@CompleteTest @desktopTest
Scenario: User verify all items are present in Desktops tab  # feature/Desktops.feature:10
  Given User is on Retail website                            # null
  When User click on Desktops tab                            # null
  And User click on Show all desktops                        # null
  When User click on Desktops tab                            # null
  And User click on Show all desktops                        # null
  Then User should see all items are present in Desktop page # null
]]></system-out>
  </testcase>
  <testcase name="User add HP LP 3065 from Desktops tab to the cart" classname="Desktops" time="0.01">
    <error message="The step &apos;User is on Retail website&apos; and 6 other step(s) are undefined.&#10;You can implement these steps using the snippet(s) below:&#10;&#10;@Given(&quot;User is on Retail website&quot;)&#10;public void user_is_on_retail_website() {&#10;    // Write code here that turns the phrase above into concrete actions&#10;    throw new io.cucumber.java.PendingException();&#10;}&#10;@When(&quot;User click on Desktops tab&quot;)&#10;public void user_click_on_desktops_tab() {&#10;    // Write code here that turns the phrase above into concrete actions&#10;    throw new io.cucumber.java.PendingException();&#10;}&#10;@When(&quot;User click on Show all desktops&quot;)&#10;public void user_click_on_show_all_desktops() {&#10;    // Write code here that turns the phrase above into concrete actions&#10;    throw new io.cucumber.java.PendingException();&#10;}&#10;@When(&quot;User click ADD TO CART option on HP LP3065 item&quot;)&#10;public void user_click_add_to_cart_option_on_hp_lp3065_item() {&#10;    // Write code here that turns the phrase above into concrete actions&#10;    throw new io.cucumber.java.PendingException();&#10;}&#10;@When(&quot;User select quantity {int}&quot;)&#10;public void user_select_quantity(Integer int1) {&#10;    // Write code here that turns the phrase above into concrete actions&#10;    throw new io.cucumber.java.PendingException();&#10;}&#10;@When(&quot;User click add to Cart button&quot;)&#10;public void user_click_add_to_cart_button() {&#10;    // Write code here that turns the phrase above into concrete actions&#10;    throw new io.cucumber.java.PendingException();&#10;}&#10;@Then(&quot;User should see a message {string}&quot;)&#10;public void user_should_see_a_message(String string) {&#10;    // Write code here that turns the phrase above into concrete actions&#10;    throw new io.cucumber.java.PendingException();&#10;}&#10;" type="io.cucumber.junit.UndefinedStepException">io.cucumber.junit.UndefinedStepException: 
The step 'User is on Retail website' and 6 other step(s) are undefined.
You can implement these steps using the snippet(s) below:

@Given("User is on Retail website")
public void user_is_on_retail_website() {
    // Write code here that turns the phrase above into concrete actions
    throw new io.cucumber.java.PendingException();
}
@When("User click on Desktops tab")
public void user_click_on_desktops_tab() {
    // Write code here that turns the phrase above into concrete actions
    throw new io.cucumber.java.PendingException();
}
@When("User click on Show all desktops")
public void user_click_on_show_all_desktops() {
    // Write code here that turns the phrase above into concrete actions
    throw new io.cucumber.java.PendingException();
}
@When("User click ADD TO CART option on HP LP3065 item")
public void user_click_add_to_cart_option_on_hp_lp3065_item() {
    // Write code here that turns the phrase above into concrete actions
    throw new io.cucumber.java.PendingException();
}
@When("User select quantity {int}")
public void user_select_quantity(Integer int1) {
    // Write code here that turns the phrase above into concrete actions
    throw new io.cucumber.java.PendingException();
}
@When("User click add to Cart button")
public void user_click_add_to_cart_button() {
    // Write code here that turns the phrase above into concrete actions
    throw new io.cucumber.java.PendingException();
}
@Then("User should see a message {string}")
public void user_should_see_a_message(String string) {
    // Write code here that turns the phrase above into concrete actions
    throw new io.cucumber.java.PendingException();
}

</error>
    <system-out><![CDATA[
@CompleteTest @addHPLP3065ToCart
Scenario: User add HP LP 3065 from Desktops tab to the cart                                  # feature/Desktops.feature:17
  Given User is on Retail website                                                            # null
  When User click on Desktops tab                                                            # null
  And User click on Show all desktops                                                        # null
  And User click ADD TO CART option on HP LP3065 item                                        # null
  And User select quantity 1                                                                 # null
  And User click add to Cart button                                                          # null
  Then User should see a message "Success: you have added HP LP 3065 to your Shopping cart!" # null
]]></system-out>
  </testcase>
  <testcase name="User add Canon EOS 5D into shopping cart from Desktops Page" classname="Desktops" time="0.007">
    <error message="The step &apos;User is on Retail website&apos; and 7 other step(s) are undefined.&#10;You can implement these steps using the snippet(s) below:&#10;&#10;@Given(&quot;User is on Retail website&quot;)&#10;public void user_is_on_retail_website() {&#10;    // Write code here that turns the phrase above into concrete actions&#10;    throw new io.cucumber.java.PendingException();&#10;}&#10;@When(&quot;User click on Desktops tab&quot;)&#10;public void user_click_on_desktops_tab() {&#10;    // Write code here that turns the phrase above into concrete actions&#10;    throw new io.cucumber.java.PendingException();&#10;}&#10;@When(&quot;User click on Show all desktops&quot;)&#10;public void user_click_on_show_all_desktops() {&#10;    // Write code here that turns the phrase above into concrete actions&#10;    throw new io.cucumber.java.PendingException();&#10;}&#10;@When(&quot;User click ADD TO CART option on Canon EOS 5D item&quot;)&#10;public void user_click_add_to_cart_option_on_canon_eos_5d_item() {&#10;    // Write code here that turns the phrase above into concrete actions&#10;    throw new io.cucumber.java.PendingException();&#10;}&#10;@When(&quot;User select color from dropdown Red&quot;)&#10;public void user_select_color_from_dropdown_red() {&#10;    // Write code here that turns the phrase above into concrete actions&#10;    throw new io.cucumber.java.PendingException();&#10;}&#10;@When(&quot;User select quantity {string}&quot;)&#10;public void user_select_quantity(String string) {&#10;    // Write code here that turns the phrase above into concrete actions&#10;    throw new io.cucumber.java.PendingException();&#10;}&#10;@When(&quot;User click add to Cart button&quot;)&#10;public void user_click_add_to_cart_button() {&#10;    // Write code here that turns the phrase above into concrete actions&#10;    throw new io.cucumber.java.PendingException();&#10;}&#10;@Then(&quot;User should see a message {string}&quot;)&#10;public void user_should_see_a_message(String string) {&#10;    // Write code here that turns the phrase above into concrete actions&#10;    throw new io.cucumber.java.PendingException();&#10;}&#10;" type="io.cucumber.junit.UndefinedStepException">io.cucumber.junit.UndefinedStepException: 
The step 'User is on Retail website' and 7 other step(s) are undefined.
You can implement these steps using the snippet(s) below:

@Given("User is on Retail website")
public void user_is_on_retail_website() {
    // Write code here that turns the phrase above into concrete actions
    throw new io.cucumber.java.PendingException();
}
@When("User click on Desktops tab")
public void user_click_on_desktops_tab() {
    // Write code here that turns the phrase above into concrete actions
    throw new io.cucumber.java.PendingException();
}
@When("User click on Show all desktops")
public void user_click_on_show_all_desktops() {
    // Write code here that turns the phrase above into concrete actions
    throw new io.cucumber.java.PendingException();
}
@When("User click ADD TO CART option on Canon EOS 5D item")
public void user_click_add_to_cart_option_on_canon_eos_5d_item() {
    // Write code here that turns the phrase above into concrete actions
    throw new io.cucumber.java.PendingException();
}
@When("User select color from dropdown Red")
public void user_select_color_from_dropdown_red() {
    // Write code here that turns the phrase above into concrete actions
    throw new io.cucumber.java.PendingException();
}
@When("User select quantity {string}")
public void user_select_quantity(String string) {
    // Write code here that turns the phrase above into concrete actions
    throw new io.cucumber.java.PendingException();
}
@When("User click add to Cart button")
public void user_click_add_to_cart_button() {
    // Write code here that turns the phrase above into concrete actions
    throw new io.cucumber.java.PendingException();
}
@Then("User should see a message {string}")
public void user_should_see_a_message(String string) {
    // Write code here that turns the phrase above into concrete actions
    throw new io.cucumber.java.PendingException();
}

</error>
    <system-out><![CDATA[
@CompleteTest @addCanonEos5DToCart
Scenario: User add Canon EOS 5D into shopping cart from Desktops Page                          # feature/Desktops.feature:25
  Given User is on Retail website                                                              # null
  When User click on Desktops tab                                                              # null
  And User click on Show all desktops                                                          # null
  And User click ADD TO CART option on Canon EOS 5D item                                       # null
  And User select color from dropdown Red                                                      # null
  And User select quantity "1"                                                                 # null
  And User click add to Cart button                                                            # null
  Then User should see a message "Success: You have added Canon EOS 5D to your shopping cart!" # null
]]></system-out>
  </testcase>
  <testcase name="User add review to Canon EOS 5D from Desktops tab" classname="Desktops" time="0.007">
    <error message="The step &apos;User is on Retail website&apos; and 7 other step(s) are undefined.&#10;You can implement these steps using the snippet(s) below:&#10;&#10;@Given(&quot;User is on Retail website&quot;)&#10;public void user_is_on_retail_website() {&#10;    // Write code here that turns the phrase above into concrete actions&#10;    throw new io.cucumber.java.PendingException();&#10;}&#10;@When(&quot;User click on Desktops tab&quot;)&#10;public void user_click_on_desktops_tab() {&#10;    // Write code here that turns the phrase above into concrete actions&#10;    throw new io.cucumber.java.PendingException();&#10;}&#10;@When(&quot;User click on Show all desktops&quot;)&#10;public void user_click_on_show_all_desktops() {&#10;    // Write code here that turns the phrase above into concrete actions&#10;    throw new io.cucumber.java.PendingException();&#10;}&#10;@When(&quot;User click on Canon EOS 5D item&quot;)&#10;public void user_click_on_canon_eos_5d_item() {&#10;    // Write code here that turns the phrase above into concrete actions&#10;    throw new io.cucumber.java.PendingException();&#10;}&#10;@When(&quot;User click on write a review link&quot;)&#10;public void user_click_on_write_a_review_link() {&#10;    // Write code here that turns the phrase above into concrete actions&#10;    throw new io.cucumber.java.PendingException();&#10;}&#10;@When(&quot;user fill the review information with below information {string} {string} {string}&quot;)&#10;public void user_fill_the_review_information_with_below_information(String string, String string2, String string3) {&#10;    // Write code here that turns the phrase above into concrete actions&#10;    throw new io.cucumber.java.PendingException();&#10;}&#10;@When(&quot;User click on Continue Button&quot;)&#10;public void user_click_on_continue_button() {&#10;    // Write code here that turns the phrase above into concrete actions&#10;    throw new io.cucumber.java.PendingException();&#10;}&#10;@Then(&quot;User should see a message with {string}&quot;)&#10;public void user_should_see_a_message_with(String string) {&#10;    // Write code here that turns the phrase above into concrete actions&#10;    throw new io.cucumber.java.PendingException();&#10;}&#10;" type="io.cucumber.junit.UndefinedStepException">io.cucumber.junit.UndefinedStepException: 
The step 'User is on Retail website' and 7 other step(s) are undefined.
You can implement these steps using the snippet(s) below:

@Given("User is on Retail website")
public void user_is_on_retail_website() {
    // Write code here that turns the phrase above into concrete actions
    throw new io.cucumber.java.PendingException();
}
@When("User click on Desktops tab")
public void user_click_on_desktops_tab() {
    // Write code here that turns the phrase above into concrete actions
    throw new io.cucumber.java.PendingException();
}
@When("User click on Show all desktops")
public void user_click_on_show_all_desktops() {
    // Write code here that turns the phrase above into concrete actions
    throw new io.cucumber.java.PendingException();
}
@When("User click on Canon EOS 5D item")
public void user_click_on_canon_eos_5d_item() {
    // Write code here that turns the phrase above into concrete actions
    throw new io.cucumber.java.PendingException();
}
@When("User click on write a review link")
public void user_click_on_write_a_review_link() {
    // Write code here that turns the phrase above into concrete actions
    throw new io.cucumber.java.PendingException();
}
@When("user fill the review information with below information {string} {string} {string}")
public void user_fill_the_review_information_with_below_information(String string, String string2, String string3) {
    // Write code here that turns the phrase above into concrete actions
    throw new io.cucumber.java.PendingException();
}
@When("User click on Continue Button")
public void user_click_on_continue_button() {
    // Write code here that turns the phrase above into concrete actions
    throw new io.cucumber.java.PendingException();
}
@Then("User should see a message with {string}")
public void user_should_see_a_message_with(String string) {
    // Write code here that turns the phrase above into concrete actions
    throw new io.cucumber.java.PendingException();
}

</error>
    <system-out><![CDATA[
@CompleteTest @addReviewToCanonEos5D
Scenario Outline: User add review to Canon EOS 5D from Desktops tab                                                     # feature/Desktops.feature:43
  Given User is on Retail website                                                                                       # null
  When User click on Desktops tab                                                                                       # null
  And User click on Show all desktops                                                                                   # null
  And User click on Canon EOS 5D item                                                                                   # null
  And User click on write a review link                                                                                 # null
  And user fill the review information with below information "yourname" "This is one of my fav camera" "<Rating>"      # null
  And User click on Continue Button                                                                                     # null
  Then User should see a message with "Thank you for your review. It has been submitted to the webmaster for approval." # null
]]></system-out>
  </testcase>
  <testcase name="User verify currency values change" classname="Home Page" time="0.004">
    <error message="The step &apos;user is on Retail home page&apos; and 3 other step(s) are undefined.&#10;You can implement these steps using the snippet(s) below:&#10;&#10;@Given(&quot;user is on Retail home page&quot;)&#10;public void user_is_on_retail_home_page() {&#10;    // Write code here that turns the phrase above into concrete actions&#10;    throw new io.cucumber.java.PendingException();&#10;}&#10;@When(&quot;User click on Currency&quot;)&#10;public void user_click_on_currency() {&#10;    // Write code here that turns the phrase above into concrete actions&#10;    throw new io.cucumber.java.PendingException();&#10;}&#10;@When(&quot;User Chose Euro from dropdown&quot;)&#10;public void user_chose_euro_from_dropdown() {&#10;    // Write code here that turns the phrase above into concrete actions&#10;    throw new io.cucumber.java.PendingException();&#10;}&#10;@Then(&quot;currency value should change to Euro&quot;)&#10;public void currency_value_should_change_to_euro() {&#10;    // Write code here that turns the phrase above into concrete actions&#10;    throw new io.cucumber.java.PendingException();&#10;}&#10;" type="io.cucumber.junit.UndefinedStepException">io.cucumber.junit.UndefinedStepException: 
The step 'user is on Retail home page' and 3 other step(s) are undefined.
You can implement these steps using the snippet(s) below:

@Given("user is on Retail home page")
public void user_is_on_retail_home_page() {
    // Write code here that turns the phrase above into concrete actions
    throw new io.cucumber.java.PendingException();
}
@When("User click on Currency")
public void user_click_on_currency() {
    // Write code here that turns the phrase above into concrete actions
    throw new io.cucumber.java.PendingException();
}
@When("User Chose Euro from dropdown")
public void user_chose_euro_from_dropdown() {
    // Write code here that turns the phrase above into concrete actions
    throw new io.cucumber.java.PendingException();
}
@Then("currency value should change to Euro")
public void currency_value_should_change_to_euro() {
    // Write code here that turns the phrase above into concrete actions
    throw new io.cucumber.java.PendingException();
}

</error>
    <system-out><![CDATA[
@CompleteTest
Scenario: User verify currency values change # feature/HomePage.feature:7
  Given user is on Retail home page          # null
  When User click on Currency                # null
  And User Chose Euro from dropdown          # null
  Then currency value should change to Euro  # null
]]></system-out>
  </testcase>
  <testcase name="User empty Shopping cart message displays" classname="Home Page" time="0.002">
    <error message="The step &apos;user is on Retail home page&apos; and 2 other step(s) are undefined.&#10;You can implement these steps using the snippet(s) below:&#10;&#10;@Given(&quot;user is on Retail home page&quot;)&#10;public void user_is_on_retail_home_page() {&#10;    // Write code here that turns the phrase above into concrete actions&#10;    throw new io.cucumber.java.PendingException();&#10;}&#10;@When(&quot;User click on shopping cart&quot;)&#10;public void user_click_on_shopping_cart() {&#10;    // Write code here that turns the phrase above into concrete actions&#10;    throw new io.cucumber.java.PendingException();&#10;}&#10;@Then(&quot;{string} message should display&quot;)&#10;public void message_should_display(String string) {&#10;    // Write code here that turns the phrase above into concrete actions&#10;    throw new io.cucumber.java.PendingException();&#10;}&#10;" type="io.cucumber.junit.UndefinedStepException">io.cucumber.junit.UndefinedStepException: 
The step 'user is on Retail home page' and 2 other step(s) are undefined.
You can implement these steps using the snippet(s) below:

@Given("user is on Retail home page")
public void user_is_on_retail_home_page() {
    // Write code here that turns the phrase above into concrete actions
    throw new io.cucumber.java.PendingException();
}
@When("User click on shopping cart")
public void user_click_on_shopping_cart() {
    // Write code here that turns the phrase above into concrete actions
    throw new io.cucumber.java.PendingException();
}
@Then("{string} message should display")
public void message_should_display(String string) {
    // Write code here that turns the phrase above into concrete actions
    throw new io.cucumber.java.PendingException();
}

</error>
    <system-out><![CDATA[
@CompleteTest @HomePage
Scenario: User empty Shopping cart message displays          # feature/HomePage.feature:12
  Given user is on Retail home page                          # null
  When User click on shopping cart                           # null
  Then "Your shopping cart is empty!" message should display # null
]]></system-out>
  </testcase>
  <testcase name="User add and remove Macbook from cart" classname="User add and remove Macbook from cart" time="0.01">
    <error message="The step &apos;user is on Retail home page&apos; and 11 other step(s) are undefined.&#10;You can implement these steps using the snippet(s) below:&#10;&#10;@Given(&quot;user is on Retail home page&quot;)&#10;public void user_is_on_retail_home_page() {&#10;    // Write code here that turns the phrase above into concrete actions&#10;    throw new io.cucumber.java.PendingException();&#10;}&#10;@When(&quot;User click on Laptop &amp;NoteBook tab&quot;)&#10;public void user_click_on_laptop_note_book_tab() {&#10;    // Write code here that turns the phrase above into concrete actions&#10;    throw new io.cucumber.java.PendingException();&#10;}&#10;@When(&quot;User click on Show all Laptop &amp;NoteBook option&quot;)&#10;public void user_click_on_show_all_laptop_note_book_option() {&#10;    // Write code here that turns the phrase above into concrete actions&#10;    throw new io.cucumber.java.PendingException();&#10;}&#10;@When(&quot;User click on MacBook item&quot;)&#10;public void user_click_on_mac_book_item() {&#10;    // Write code here that turns the phrase above into concrete actions&#10;    throw new io.cucumber.java.PendingException();&#10;}&#10;@When(&quot;User click add Macbook to Cart button&quot;)&#10;public void user_click_add_macbook_to_cart_button() {&#10;    // Write code here that turns the phrase above into concrete actions&#10;    throw new io.cucumber.java.PendingException();&#10;}&#10;@When(&quot;User should see a message ‘Success: You have added MacBook to your shopping cart!’&quot;)&#10;public void user_should_see_a_message_success_you_have_added_mac_book_to_your_shopping_cart() {&#10;    // Write code here that turns the phrase above into concrete actions&#10;    throw new io.cucumber.java.PendingException();&#10;}&#10;@When(&quot;User should see {string} item\\(s) {string} showed to the cart&quot;)&#10;public void user_should_see_item_s_showed_to_the_cart(String string, String string2) {&#10;    // Write code here that turns the phrase above into concrete actions&#10;    throw new io.cucumber.java.PendingException();&#10;}&#10;@When(&quot;User click on cart option&quot;)&#10;public void user_click_on_cart_option() {&#10;    // Write code here that turns the phrase above into concrete actions&#10;    throw new io.cucumber.java.PendingException();&#10;}&#10;@When(&quot;user click on red X button to remove the item from cart&quot;)&#10;public void user_click_on_red_x_button_to_remove_the_item_from_cart() {&#10;    // Write code here that turns the phrase above into concrete actions&#10;    throw new io.cucumber.java.PendingException();&#10;}&#10;@Then(&quot;item should be removed and cart should show ‘{string} item\\(s)’&quot;)&#10;public void item_should_be_removed_and_cart_should_show_item_s(String string) {&#10;    // Write code here that turns the phrase above into concrete actions&#10;    throw new io.cucumber.java.PendingException();&#10;}&#10;" type="io.cucumber.junit.UndefinedStepException"><![CDATA[io.cucumber.junit.UndefinedStepException: 
The step 'user is on Retail home page' and 11 other step(s) are undefined.
You can implement these steps using the snippet(s) below:

@Given("user is on Retail home page")
public void user_is_on_retail_home_page() {
    // Write code here that turns the phrase above into concrete actions
    throw new io.cucumber.java.PendingException();
}
@When("User click on Laptop &NoteBook tab")
public void user_click_on_laptop_note_book_tab() {
    // Write code here that turns the phrase above into concrete actions
    throw new io.cucumber.java.PendingException();
}
@When("User click on Show all Laptop &NoteBook option")
public void user_click_on_show_all_laptop_note_book_option() {
    // Write code here that turns the phrase above into concrete actions
    throw new io.cucumber.java.PendingException();
}
@When("User click on MacBook item")
public void user_click_on_mac_book_item() {
    // Write code here that turns the phrase above into concrete actions
    throw new io.cucumber.java.PendingException();
}
@When("User click add Macbook to Cart button")
public void user_click_add_macbook_to_cart_button() {
    // Write code here that turns the phrase above into concrete actions
    throw new io.cucumber.java.PendingException();
}
@When("User should see a message ‘Success: You have added MacBook to your shopping cart!’")
public void user_should_see_a_message_success_you_have_added_mac_book_to_your_shopping_cart() {
    // Write code here that turns the phrase above into concrete actions
    throw new io.cucumber.java.PendingException();
}
@When("User should see {string} item\\(s) {string} showed to the cart")
public void user_should_see_item_s_showed_to_the_cart(String string, String string2) {
    // Write code here that turns the phrase above into concrete actions
    throw new io.cucumber.java.PendingException();
}
@When("User click on cart option")
public void user_click_on_cart_option() {
    // Write code here that turns the phrase above into concrete actions
    throw new io.cucumber.java.PendingException();
}
@When("user click on red X button to remove the item from cart")
public void user_click_on_red_x_button_to_remove_the_item_from_cart() {
    // Write code here that turns the phrase above into concrete actions
    throw new io.cucumber.java.PendingException();
}
@Then("item should be removed and cart should show ‘{string} item\\(s)’")
public void item_should_be_removed_and_cart_should_show_item_s(String string) {
    // Write code here that turns the phrase above into concrete actions
    throw new io.cucumber.java.PendingException();
}

]]></error>
    <system-out><![CDATA[
@CompleteTest @AddAndRemoveMacBook
Scenario: User add and remove Macbook from cart                                          # feature/LaptopAndNotebook.feature:10
  Given user is on Retail home page                                                      # null
  When User click on Laptop &NoteBook tab                                                # null
  And User click on Show all Laptop &NoteBook option                                     # null
  When User click on Laptop &NoteBook tab                                                # null
  And User click on Show all Laptop &NoteBook option                                     # null
  And User click on MacBook item                                                         # null
  And User click add Macbook to Cart button                                              # null
  And User should see a message â€˜Success: You have added MacBook to your shopping cart!â€™ # null
  And User should see "1" item(s) "602.00" showed to the cart                            # null
  And User click on cart option                                                          # null
  And user click on red X button to remove the item from cart                            # null
  Then item should be removed and cart should show â€˜"0" item(s)â€™                         # null
]]></system-out>
  </testcase>
  <testcase name="Product Comparison" classname="User add and remove Macbook from cart" time="0.006">
    <error message="The step &apos;user is on Retail home page&apos; and 7 other step(s) are undefined.&#10;You can implement these steps using the snippet(s) below:&#10;&#10;@Given(&quot;user is on Retail home page&quot;)&#10;public void user_is_on_retail_home_page() {&#10;    // Write code here that turns the phrase above into concrete actions&#10;    throw new io.cucumber.java.PendingException();&#10;}&#10;@When(&quot;User click on Laptop &amp;NoteBook tab&quot;)&#10;public void user_click_on_laptop_note_book_tab() {&#10;    // Write code here that turns the phrase above into concrete actions&#10;    throw new io.cucumber.java.PendingException();&#10;}&#10;@When(&quot;User click on Show all Laptop &amp;NoteBook option&quot;)&#10;public void user_click_on_show_all_laptop_note_book_option() {&#10;    // Write code here that turns the phrase above into concrete actions&#10;    throw new io.cucumber.java.PendingException();&#10;}&#10;@When(&quot;User click on product comparison icon on ‘MacBook’&quot;)&#10;public void user_click_on_product_comparison_icon_on_mac_book() {&#10;    // Write code here that turns the phrase above into concrete actions&#10;    throw new io.cucumber.java.PendingException();&#10;}&#10;@When(&quot;User click on product comparison icon on ‘MacBook Air&quot;)&#10;public void user_click_on_product_comparison_icon_on_mac_book_air() {&#10;    // Write code here that turns the phrase above into concrete actions&#10;    throw new io.cucumber.java.PendingException();&#10;}&#10;@Then(&quot;User should see a message ‘Success: You have added MacBook Air to your product comparison!’&quot;)&#10;public void user_should_see_a_message_success_you_have_added_mac_book_air_to_your_product_comparison() {&#10;    // Write code here that turns the phrase above into concrete actions&#10;    throw new io.cucumber.java.PendingException();&#10;}&#10;@Then(&quot;User click on Product comparison link&quot;)&#10;public void user_click_on_product_comparison_link() {&#10;    // Write code here that turns the phrase above into concrete actions&#10;    throw new io.cucumber.java.PendingException();&#10;}&#10;@Then(&quot;User should see Product Comparison Chart&quot;)&#10;public void user_should_see_product_comparison_chart() {&#10;    // Write code here that turns the phrase above into concrete actions&#10;    throw new io.cucumber.java.PendingException();&#10;}&#10;" type="io.cucumber.junit.UndefinedStepException"><![CDATA[io.cucumber.junit.UndefinedStepException: 
The step 'user is on Retail home page' and 7 other step(s) are undefined.
You can implement these steps using the snippet(s) below:

@Given("user is on Retail home page")
public void user_is_on_retail_home_page() {
    // Write code here that turns the phrase above into concrete actions
    throw new io.cucumber.java.PendingException();
}
@When("User click on Laptop &NoteBook tab")
public void user_click_on_laptop_note_book_tab() {
    // Write code here that turns the phrase above into concrete actions
    throw new io.cucumber.java.PendingException();
}
@When("User click on Show all Laptop &NoteBook option")
public void user_click_on_show_all_laptop_note_book_option() {
    // Write code here that turns the phrase above into concrete actions
    throw new io.cucumber.java.PendingException();
}
@When("User click on product comparison icon on ‘MacBook’")
public void user_click_on_product_comparison_icon_on_mac_book() {
    // Write code here that turns the phrase above into concrete actions
    throw new io.cucumber.java.PendingException();
}
@When("User click on product comparison icon on ‘MacBook Air")
public void user_click_on_product_comparison_icon_on_mac_book_air() {
    // Write code here that turns the phrase above into concrete actions
    throw new io.cucumber.java.PendingException();
}
@Then("User should see a message ‘Success: You have added MacBook Air to your product comparison!’")
public void user_should_see_a_message_success_you_have_added_mac_book_air_to_your_product_comparison() {
    // Write code here that turns the phrase above into concrete actions
    throw new io.cucumber.java.PendingException();
}
@Then("User click on Product comparison link")
public void user_click_on_product_comparison_link() {
    // Write code here that turns the phrase above into concrete actions
    throw new io.cucumber.java.PendingException();
}
@Then("User should see Product Comparison Chart")
public void user_should_see_product_comparison_chart() {
    // Write code here that turns the phrase above into concrete actions
    throw new io.cucumber.java.PendingException();
}

]]></error>
    <system-out><![CDATA[
@CompleteTest @ProductComparisons
Scenario: Product Comparison                                                                       # feature/LaptopAndNotebook.feature:22
  Given user is on Retail home page                                                                # null
  When User click on Laptop &NoteBook tab                                                          # null
  And User click on Show all Laptop &NoteBook option                                               # null
  And User click on product comparison icon on â€˜MacBookâ€™                                           # null
  And User click on product comparison icon on â€˜MacBook Air                                        # null
  Then User should see a message â€˜Success: You have added MacBook Air to your product comparison!â€™ # null
  And User click on Product comparison link                                                        # null
  Then User should see Product Comparison Chart                                                    # null
]]></system-out>
  </testcase>
  <testcase name="Adding an item to Wish list" classname="User add and remove Macbook from cart" time="0.006">
    <error message="The step &apos;user is on Retail home page&apos; and 4 other step(s) are undefined.&#10;You can implement these steps using the snippet(s) below:&#10;&#10;@Given(&quot;user is on Retail home page&quot;)&#10;public void user_is_on_retail_home_page() {&#10;    // Write code here that turns the phrase above into concrete actions&#10;    throw new io.cucumber.java.PendingException();&#10;}&#10;@When(&quot;User click on Laptop &amp;NoteBook tab&quot;)&#10;public void user_click_on_laptop_note_book_tab() {&#10;    // Write code here that turns the phrase above into concrete actions&#10;    throw new io.cucumber.java.PendingException();&#10;}&#10;@When(&quot;User click on Show all Laptop &amp;NoteBook option&quot;)&#10;public void user_click_on_show_all_laptop_note_book_option() {&#10;    // Write code here that turns the phrase above into concrete actions&#10;    throw new io.cucumber.java.PendingException();&#10;}&#10;@When(&quot;User click on heart icon to add ‘Sony VaIO’ laptop to wish list&quot;)&#10;public void user_click_on_heart_icon_to_add_sony_va_io_laptop_to_wish_list() {&#10;    // Write code here that turns the phrase above into concrete actions&#10;    throw new io.cucumber.java.PendingException();&#10;}&#10;@Then(&quot;User should get a message ‘You must login or create an account to save Sony VAIO to your wish list!’&quot;)&#10;public void user_should_get_a_message_you_must_login_or_create_an_account_to_save_sony_vaio_to_your_wish_list() {&#10;    // Write code here that turns the phrase above into concrete actions&#10;    throw new io.cucumber.java.PendingException();&#10;}&#10;" type="io.cucumber.junit.UndefinedStepException"><![CDATA[io.cucumber.junit.UndefinedStepException: 
The step 'user is on Retail home page' and 4 other step(s) are undefined.
You can implement these steps using the snippet(s) below:

@Given("user is on Retail home page")
public void user_is_on_retail_home_page() {
    // Write code here that turns the phrase above into concrete actions
    throw new io.cucumber.java.PendingException();
}
@When("User click on Laptop &NoteBook tab")
public void user_click_on_laptop_note_book_tab() {
    // Write code here that turns the phrase above into concrete actions
    throw new io.cucumber.java.PendingException();
}
@When("User click on Show all Laptop &NoteBook option")
public void user_click_on_show_all_laptop_note_book_option() {
    // Write code here that turns the phrase above into concrete actions
    throw new io.cucumber.java.PendingException();
}
@When("User click on heart icon to add ‘Sony VaIO’ laptop to wish list")
public void user_click_on_heart_icon_to_add_sony_va_io_laptop_to_wish_list() {
    // Write code here that turns the phrase above into concrete actions
    throw new io.cucumber.java.PendingException();
}
@Then("User should get a message ‘You must login or create an account to save Sony VAIO to your wish list!’")
public void user_should_get_a_message_you_must_login_or_create_an_account_to_save_sony_vaio_to_your_wish_list() {
    // Write code here that turns the phrase above into concrete actions
    throw new io.cucumber.java.PendingException();
}

]]></error>
    <system-out><![CDATA[
@CompleteTest @AddingItemToWishList
Scenario: Adding an item to Wish list                                                                       # feature/LaptopAndNotebook.feature:30
  Given user is on Retail home page                                                                         # null
  When User click on Laptop &NoteBook tab                                                                   # null
  And User click on Show all Laptop &NoteBook option                                                        # null
  And User click on heart icon to add â€˜Sony VaIOâ€™ laptop to wish list                                       # null
  Then User should get a message â€˜You must login or create an account to save Sony VAIO to your wish list!â€™ # null
]]></system-out>
  </testcase>
  <testcase name="(User add and remove Macbook from cart)" classname="User add and remove Macbook from cart" time="0.006">
    <error message="The step &apos;user is on Retail home page&apos; and 4 other step(s) are undefined.&#10;You can implement these steps using the snippet(s) below:&#10;&#10;@Given(&quot;user is on Retail home page&quot;)&#10;public void user_is_on_retail_home_page() {&#10;    // Write code here that turns the phrase above into concrete actions&#10;    throw new io.cucumber.java.PendingException();&#10;}&#10;@When(&quot;User click on Laptop &amp;NoteBook tab&quot;)&#10;public void user_click_on_laptop_note_book_tab() {&#10;    // Write code here that turns the phrase above into concrete actions&#10;    throw new io.cucumber.java.PendingException();&#10;}&#10;@When(&quot;User click on Show all Laptop &amp;NoteBook option&quot;)&#10;public void user_click_on_show_all_laptop_note_book_option() {&#10;    // Write code here that turns the phrase above into concrete actions&#10;    throw new io.cucumber.java.PendingException();&#10;}&#10;@When(&quot;User click on ‘MacBook Pro’ item&quot;)&#10;public void user_click_on_mac_book_pro_item() {&#10;    // Write code here that turns the phrase above into concrete actions&#10;    throw new io.cucumber.java.PendingException();&#10;}&#10;@Then(&quot;User should see {string} price tag is present on UI.&quot;)&#10;public void user_should_see_price_tag_is_present_on_ui(String string) {&#10;    // Write code here that turns the phrase above into concrete actions&#10;    throw new io.cucumber.java.PendingException();&#10;}&#10;" type="io.cucumber.junit.UndefinedStepException"><![CDATA[io.cucumber.junit.UndefinedStepException: 
The step 'user is on Retail home page' and 4 other step(s) are undefined.
You can implement these steps using the snippet(s) below:

@Given("user is on Retail home page")
public void user_is_on_retail_home_page() {
    // Write code here that turns the phrase above into concrete actions
    throw new io.cucumber.java.PendingException();
}
@When("User click on Laptop &NoteBook tab")
public void user_click_on_laptop_note_book_tab() {
    // Write code here that turns the phrase above into concrete actions
    throw new io.cucumber.java.PendingException();
}
@When("User click on Show all Laptop &NoteBook option")
public void user_click_on_show_all_laptop_note_book_option() {
    // Write code here that turns the phrase above into concrete actions
    throw new io.cucumber.java.PendingException();
}
@When("User click on ‘MacBook Pro’ item")
public void user_click_on_mac_book_pro_item() {
    // Write code here that turns the phrase above into concrete actions
    throw new io.cucumber.java.PendingException();
}
@Then("User should see {string} price tag is present on UI.")
public void user_should_see_price_tag_is_present_on_ui(String string) {
    // Write code here that turns the phrase above into concrete actions
    throw new io.cucumber.java.PendingException();
}

]]></error>
    <system-out><![CDATA[
@CompleteTest @ValidatePrice
Scenario:                                                      # feature/LaptopAndNotebook.feature:35
  Given user is on Retail home page                            # null
  When User click on Laptop &NoteBook tab                      # null
  And User click on Show all Laptop &NoteBook option           # null
  And User click on â€˜MacBook Proâ€™ item                         # null
  Then User should see "$2,000.00" price tag is present on UI. # null
]]></system-out>
  </testcase>
  <testcase name="Register as an Affiliate user with Cheque Payment Method" classname="User Login" time="0.013">
    <error message="The step &apos;user is on Retail home page&apos; and 10 other step(s) are undefined.&#10;You can implement these steps using the snippet(s) below:&#10;&#10;@Given(&quot;user is on Retail home page&quot;)&#10;public void user_is_on_retail_home_page() {&#10;    // Write code here that turns the phrase above into concrete actions&#10;    throw new io.cucumber.java.PendingException();&#10;}&#10;@Given(&quot;User click on MyAccount&quot;)&#10;public void user_click_on_my_account() {&#10;    // Write code here that turns the phrase above into concrete actions&#10;    throw new io.cucumber.java.PendingException();&#10;}&#10;@When(&quot;User click on Login&quot;)&#10;public void user_click_on_login() {&#10;    // Write code here that turns the phrase above into concrete actions&#10;    throw new io.cucumber.java.PendingException();&#10;}&#10;@When(&quot;User enter username {string} and password {string}&quot;)&#10;public void user_enter_username_and_password(String string, String string2) {&#10;    // Write code here that turns the phrase above into concrete actions&#10;    throw new io.cucumber.java.PendingException();&#10;}&#10;@When(&quot;User click on Login button&quot;)&#10;public void user_click_on_login_button() {&#10;    // Write code here that turns the phrase above into concrete actions&#10;    throw new io.cucumber.java.PendingException();&#10;}&#10;@Then(&quot;User should be logged in to MyAccount dashboard&quot;)&#10;public void user_should_be_logged_in_to_my_account_dashboard() {&#10;    // Write code here that turns the phrase above into concrete actions&#10;    throw new io.cucumber.java.PendingException();&#10;}&#10;@When(&quot;User click on ‘Register for an Affiliate Account’ link&quot;)&#10;public void user_click_on_register_for_an_affiliate_account_link() {&#10;    // Write code here that turns the phrase above into concrete actions&#10;    throw new io.cucumber.java.PendingException();&#10;}&#10;@When(&quot;User fill affiliate form with following information {string} {string} {string} {string}&quot;)&#10;public void user_fill_affiliate_form_with_following_information(String string, String string2, String string3, String string4) {&#10;    // Write code here that turns the phrase above into concrete actions&#10;    throw new io.cucumber.java.PendingException();&#10;}&#10;@When(&quot;User check on About us check box&quot;)&#10;public void user_check_on_about_us_check_box() {&#10;    // Write code here that turns the phrase above into concrete actions&#10;    throw new io.cucumber.java.PendingException();&#10;}&#10;@When(&quot;User click on Continue button&quot;)&#10;public void user_click_on_continue_button() {&#10;    // Write code here that turns the phrase above into concrete actions&#10;    throw new io.cucumber.java.PendingException();&#10;}&#10;@Then(&quot;User should see a success message&quot;)&#10;public void user_should_see_a_success_message() {&#10;    // Write code here that turns the phrase above into concrete actions&#10;    throw new io.cucumber.java.PendingException();&#10;}&#10;" type="io.cucumber.junit.UndefinedStepException">io.cucumber.junit.UndefinedStepException: 
The step 'user is on Retail home page' and 10 other step(s) are undefined.
You can implement these steps using the snippet(s) below:

@Given("user is on Retail home page")
public void user_is_on_retail_home_page() {
    // Write code here that turns the phrase above into concrete actions
    throw new io.cucumber.java.PendingException();
}
@Given("User click on MyAccount")
public void user_click_on_my_account() {
    // Write code here that turns the phrase above into concrete actions
    throw new io.cucumber.java.PendingException();
}
@When("User click on Login")
public void user_click_on_login() {
    // Write code here that turns the phrase above into concrete actions
    throw new io.cucumber.java.PendingException();
}
@When("User enter username {string} and password {string}")
public void user_enter_username_and_password(String string, String string2) {
    // Write code here that turns the phrase above into concrete actions
    throw new io.cucumber.java.PendingException();
}
@When("User click on Login button")
public void user_click_on_login_button() {
    // Write code here that turns the phrase above into concrete actions
    throw new io.cucumber.java.PendingException();
}
@Then("User should be logged in to MyAccount dashboard")
public void user_should_be_logged_in_to_my_account_dashboard() {
    // Write code here that turns the phrase above into concrete actions
    throw new io.cucumber.java.PendingException();
}
@When("User click on ‘Register for an Affiliate Account’ link")
public void user_click_on_register_for_an_affiliate_account_link() {
    // Write code here that turns the phrase above into concrete actions
    throw new io.cucumber.java.PendingException();
}
@When("User fill affiliate form with following information {string} {string} {string} {string}")
public void user_fill_affiliate_form_with_following_information(String string, String string2, String string3, String string4) {
    // Write code here that turns the phrase above into concrete actions
    throw new io.cucumber.java.PendingException();
}
@When("User check on About us check box")
public void user_check_on_about_us_check_box() {
    // Write code here that turns the phrase above into concrete actions
    throw new io.cucumber.java.PendingException();
}
@When("User click on Continue button")
public void user_click_on_continue_button() {
    // Write code here that turns the phrase above into concrete actions
    throw new io.cucumber.java.PendingException();
}
@Then("User should see a success message")
public void user_should_see_a_success_message() {
    // Write code here that turns the phrase above into concrete actions
    throw new io.cucumber.java.PendingException();
}

</error>
    <system-out><![CDATA[
@CompleteTest @RegisterAsAffiliate
Scenario Outline: Register as an Affiliate user with Cheque Payment Method                                    # feature/RetailPage.feature:13
  Given user is on Retail home page                                                                           # null
  And User click on MyAccount                                                                                 # null
  When User click on Login                                                                                    # null
  And User enter username "miladtek2022@gmail.com" and password "654123"                                      # null
  And User click on Login button                                                                              # null
  Then User should be logged in to MyAccount dashboard                                                        # null
  When User click on â€˜Register for an Affiliate Accountâ€™ link                                                 # null
  And User fill affiliate form with following information "<company>" "<website>" "<taxID>" "<paymentMethod>" # null
  And User check on About us check box                                                                        # null
  And User click on Continue button                                                                           # null
  Then User should see a success message                                                                      # null
]]></system-out>
  </testcase>
  <testcase name="Edit your affiliate information from Cheque payment method to Bank Transfer" classname="User Login" time="0.008">
    <error message="The step &apos;user is on Retail home page&apos; and 10 other step(s) are undefined.&#10;You can implement these steps using the snippet(s) below:&#10;&#10;@Given(&quot;user is on Retail home page&quot;)&#10;public void user_is_on_retail_home_page() {&#10;    // Write code here that turns the phrase above into concrete actions&#10;    throw new io.cucumber.java.PendingException();&#10;}&#10;@Given(&quot;User click on MyAccount&quot;)&#10;public void user_click_on_my_account() {&#10;    // Write code here that turns the phrase above into concrete actions&#10;    throw new io.cucumber.java.PendingException();&#10;}&#10;@When(&quot;User click on Login&quot;)&#10;public void user_click_on_login() {&#10;    // Write code here that turns the phrase above into concrete actions&#10;    throw new io.cucumber.java.PendingException();&#10;}&#10;@When(&quot;User enter username {string} and password {string}&quot;)&#10;public void user_enter_username_and_password(String string, String string2) {&#10;    // Write code here that turns the phrase above into concrete actions&#10;    throw new io.cucumber.java.PendingException();&#10;}&#10;@When(&quot;User click on Login button&quot;)&#10;public void user_click_on_login_button() {&#10;    // Write code here that turns the phrase above into concrete actions&#10;    throw new io.cucumber.java.PendingException();&#10;}&#10;@Then(&quot;User should be logged in to MyAccount dashboard&quot;)&#10;public void user_should_be_logged_in_to_my_account_dashboard() {&#10;    // Write code here that turns the phrase above into concrete actions&#10;    throw new io.cucumber.java.PendingException();&#10;}&#10;@When(&quot;User click on ‘Edit your affiliate informationlink&quot;)&#10;public void user_click_on_edit_your_affiliate_informationlink() {&#10;    // Write code here that turns the phrase above into concrete actions&#10;    throw new io.cucumber.java.PendingException();&#10;}&#10;@When(&quot;user click on Bank Transfer radio button&quot;)&#10;public void user_click_on_bank_transfer_radio_button() {&#10;    // Write code here that turns the phrase above into concrete actions&#10;    throw new io.cucumber.java.PendingException();&#10;}&#10;@When(&quot;User fill Bank information with below information {string} {string} {string} {string} {string}&quot;)&#10;public void user_fill_bank_information_with_below_information(String string, String string2, String string3, String string4, String string5) {&#10;    // Write code here that turns the phrase above into concrete actions&#10;    throw new io.cucumber.java.PendingException();&#10;}&#10;@When(&quot;User click on Continue button&quot;)&#10;public void user_click_on_continue_button() {&#10;    // Write code here that turns the phrase above into concrete actions&#10;    throw new io.cucumber.java.PendingException();&#10;}&#10;@Then(&quot;User should see a success message&quot;)&#10;public void user_should_see_a_success_message() {&#10;    // Write code here that turns the phrase above into concrete actions&#10;    throw new io.cucumber.java.PendingException();&#10;}&#10;" type="io.cucumber.junit.UndefinedStepException">io.cucumber.junit.UndefinedStepException: 
The step 'user is on Retail home page' and 10 other step(s) are undefined.
You can implement these steps using the snippet(s) below:

@Given("user is on Retail home page")
public void user_is_on_retail_home_page() {
    // Write code here that turns the phrase above into concrete actions
    throw new io.cucumber.java.PendingException();
}
@Given("User click on MyAccount")
public void user_click_on_my_account() {
    // Write code here that turns the phrase above into concrete actions
    throw new io.cucumber.java.PendingException();
}
@When("User click on Login")
public void user_click_on_login() {
    // Write code here that turns the phrase above into concrete actions
    throw new io.cucumber.java.PendingException();
}
@When("User enter username {string} and password {string}")
public void user_enter_username_and_password(String string, String string2) {
    // Write code here that turns the phrase above into concrete actions
    throw new io.cucumber.java.PendingException();
}
@When("User click on Login button")
public void user_click_on_login_button() {
    // Write code here that turns the phrase above into concrete actions
    throw new io.cucumber.java.PendingException();
}
@Then("User should be logged in to MyAccount dashboard")
public void user_should_be_logged_in_to_my_account_dashboard() {
    // Write code here that turns the phrase above into concrete actions
    throw new io.cucumber.java.PendingException();
}
@When("User click on ‘Edit your affiliate informationlink")
public void user_click_on_edit_your_affiliate_informationlink() {
    // Write code here that turns the phrase above into concrete actions
    throw new io.cucumber.java.PendingException();
}
@When("user click on Bank Transfer radio button")
public void user_click_on_bank_transfer_radio_button() {
    // Write code here that turns the phrase above into concrete actions
    throw new io.cucumber.java.PendingException();
}
@When("User fill Bank information with below information {string} {string} {string} {string} {string}")
public void user_fill_bank_information_with_below_information(String string, String string2, String string3, String string4, String string5) {
    // Write code here that turns the phrase above into concrete actions
    throw new io.cucumber.java.PendingException();
}
@When("User click on Continue button")
public void user_click_on_continue_button() {
    // Write code here that turns the phrase above into concrete actions
    throw new io.cucumber.java.PendingException();
}
@Then("User should see a success message")
public void user_should_see_a_success_message() {
    // Write code here that turns the phrase above into concrete actions
    throw new io.cucumber.java.PendingException();
}

</error>
    <system-out><![CDATA[
@CompleteTest @EditAffiliateInfo
Scenario Outline: Edit your affiliate information from Cheque payment method to Bank Transfer                                      # feature/RetailPage.feature:21
  Given user is on Retail home page                                                                                                # null
  And User click on MyAccount                                                                                                      # null
  When User click on Login                                                                                                         # null
  And User enter username "miladtek2022@gmail.com" and password "654123"                                                           # null
  And User click on Login button                                                                                                   # null
  Then User should be logged in to MyAccount dashboard                                                                             # null
  When User click on â€˜Edit your affiliate informationlink                                                                          # null
  And user click on Bank Transfer radio button                                                                                     # null
  And User fill Bank information with below information "<bankName>" "<abaNumber>" "<swiftCode>" "<accountName>" "<accountNumber>" # null
  And User click on Continue button                                                                                                # null
  Then User should see a success message                                                                                           # null
]]></system-out>
  </testcase>
  <testcase name="Edit your account Information" classname="User Login" time="0.006">
    <error message="The step &apos;user is on Retail home page&apos; and 9 other step(s) are undefined.&#10;You can implement these steps using the snippet(s) below:&#10;&#10;@Given(&quot;user is on Retail home page&quot;)&#10;public void user_is_on_retail_home_page() {&#10;    // Write code here that turns the phrase above into concrete actions&#10;    throw new io.cucumber.java.PendingException();&#10;}&#10;@Given(&quot;User click on MyAccount&quot;)&#10;public void user_click_on_my_account() {&#10;    // Write code here that turns the phrase above into concrete actions&#10;    throw new io.cucumber.java.PendingException();&#10;}&#10;@When(&quot;User click on Login&quot;)&#10;public void user_click_on_login() {&#10;    // Write code here that turns the phrase above into concrete actions&#10;    throw new io.cucumber.java.PendingException();&#10;}&#10;@When(&quot;User enter username {string} and password {string}&quot;)&#10;public void user_enter_username_and_password(String string, String string2) {&#10;    // Write code here that turns the phrase above into concrete actions&#10;    throw new io.cucumber.java.PendingException();&#10;}&#10;@When(&quot;User click on Login button&quot;)&#10;public void user_click_on_login_button() {&#10;    // Write code here that turns the phrase above into concrete actions&#10;    throw new io.cucumber.java.PendingException();&#10;}&#10;@Then(&quot;User should be logged in to MyAccount dashboard&quot;)&#10;public void user_should_be_logged_in_to_my_account_dashboard() {&#10;    // Write code here that turns the phrase above into concrete actions&#10;    throw new io.cucumber.java.PendingException();&#10;}&#10;@When(&quot;User click on ‘Edit your account information’ link&quot;)&#10;public void user_click_on_edit_your_account_information_link() {&#10;    // Write code here that turns the phrase above into concrete actions&#10;    throw new io.cucumber.java.PendingException();&#10;}&#10;@When(&quot;User modify below information {string} {string} {string} {string}&quot;)&#10;public void user_modify_below_information(String string, String string2, String string3, String string4) {&#10;    // Write code here that turns the phrase above into concrete actions&#10;    throw new io.cucumber.java.PendingException();&#10;}&#10;@When(&quot;User click on continue button&quot;)&#10;public void user_click_on_continue_button() {&#10;    // Write code here that turns the phrase above into concrete actions&#10;    throw new io.cucumber.java.PendingException();&#10;}&#10;@Then(&quot;User should see following message {string}&quot;)&#10;public void user_should_see_following_message(String string) {&#10;    // Write code here that turns the phrase above into concrete actions&#10;    throw new io.cucumber.java.PendingException();&#10;}&#10;" type="io.cucumber.junit.UndefinedStepException">io.cucumber.junit.UndefinedStepException: 
The step 'user is on Retail home page' and 9 other step(s) are undefined.
You can implement these steps using the snippet(s) below:

@Given("user is on Retail home page")
public void user_is_on_retail_home_page() {
    // Write code here that turns the phrase above into concrete actions
    throw new io.cucumber.java.PendingException();
}
@Given("User click on MyAccount")
public void user_click_on_my_account() {
    // Write code here that turns the phrase above into concrete actions
    throw new io.cucumber.java.PendingException();
}
@When("User click on Login")
public void user_click_on_login() {
    // Write code here that turns the phrase above into concrete actions
    throw new io.cucumber.java.PendingException();
}
@When("User enter username {string} and password {string}")
public void user_enter_username_and_password(String string, String string2) {
    // Write code here that turns the phrase above into concrete actions
    throw new io.cucumber.java.PendingException();
}
@When("User click on Login button")
public void user_click_on_login_button() {
    // Write code here that turns the phrase above into concrete actions
    throw new io.cucumber.java.PendingException();
}
@Then("User should be logged in to MyAccount dashboard")
public void user_should_be_logged_in_to_my_account_dashboard() {
    // Write code here that turns the phrase above into concrete actions
    throw new io.cucumber.java.PendingException();
}
@When("User click on ‘Edit your account information’ link")
public void user_click_on_edit_your_account_information_link() {
    // Write code here that turns the phrase above into concrete actions
    throw new io.cucumber.java.PendingException();
}
@When("User modify below information {string} {string} {string} {string}")
public void user_modify_below_information(String string, String string2, String string3, String string4) {
    // Write code here that turns the phrase above into concrete actions
    throw new io.cucumber.java.PendingException();
}
@When("User click on continue button")
public void user_click_on_continue_button() {
    // Write code here that turns the phrase above into concrete actions
    throw new io.cucumber.java.PendingException();
}
@Then("User should see following message {string}")
public void user_should_see_following_message(String string) {
    // Write code here that turns the phrase above into concrete actions
    throw new io.cucumber.java.PendingException();
}

</error>
    <system-out><![CDATA[
@CompleteTest @editAccountInfo
Scenario: Edit your account Information                                                          # feature/RetailPage.feature:37
  Given user is on Retail home page                                                              # null
  And User click on MyAccount                                                                    # null
  When User click on Login                                                                       # null
  And User enter username "miladtek2022@gmail.com" and password "654123"                         # null
  And User click on Login button                                                                 # null
  Then User should be logged in to MyAccount dashboard                                           # null
  When User click on â€˜Edit your account informationâ€™ link                                        # null
  And User modify below information "Milad" "Sa" "miladtek20222@gmail.com" "8173213223"          # null
  And User click on continue button                                                              # null
  Then User should see following message " Success: Your account has been successfully updated." # null
]]></system-out>
  </testcase>
</testsuite>